Mariokart_IRL/Application/arsdk-kjr-NDK19-MIN_SDK_19/out/arsdk-android/gradle/libARDiscovery/outputs/logs/manifest-merger-debug-report.txt
-- Merging decision tree log ---
manifest
ADDED from packages/libARDiscovery/AndroidManifest.xml:2:1-12:12
INJECTED from packages/libARDiscovery/AndroidManifest.xml:2:1-12:12
	package
		INJECTED from packages/libARDiscovery/AndroidManifest.xml
	android:versionName
		ADDED from packages/libARDiscovery/AndroidManifest.xml:4:5-30
	xmlns:android
		ADDED from packages/libARDiscovery/AndroidManifest.xml:2:11-69
	android:versionCode
		ADDED from packages/libARDiscovery/AndroidManifest.xml:3:5-28
uses-permission#android.permission.BLUETOOTH_ADMIN
ADDED from packages/libARDiscovery/AndroidManifest.xml:6:5-74
	android:name
		ADDED from packages/libARDiscovery/AndroidManifest.xml:6:22-71
uses-permission#android.permission.CHANGE_WIFI_MULTICAST_STATE
ADDED from packages/libARDiscovery/AndroidManifest.xml:7:5-85
	android:name
		ADDED from packages/libARDiscovery/AndroidManifest.xml:7:22-83
uses-permission#android.permission.ACCESS_WIFI_STATE
ADDED from packages/libARDiscovery/AndroidManifest.xml:8:5-76
	android:name
		ADDED from packages/libARDiscovery/AndroidManifest.xml:8:22-73
uses-permission#android.permission.REORDER_TASKS
ADDED from packages/libARDiscovery/AndroidManifest.xml:10:5-72
	android:name
		ADDED from packages/libARDiscovery/AndroidManifest.xml:10:22-69
uses-sdk
INJECTED from packages/libARDiscovery/AndroidManifest.xml reason: use-sdk injection requested
INJECTED from packages/libARDiscovery/AndroidManifest.xml
INJECTED from packages/libARDiscovery/AndroidManifest.xml
	android:targetSdkVersion
		INJECTED from packages/libARDiscovery/AndroidManifest.xml
	android:minSdkVersion
		INJECTED from packages/libARDiscovery/AndroidManifest.xml